###############################################################################
#                                                                             #
# IAR C/C++ Compiler V1.10.4.30019 [Kickstart] for RL78 31/May/2012  18:44:40 #
# Copyright 2011 IAR Systems AB.                                              #
#                                                                             #
#    Core         =  rl78_1                                                   #
#    Code model   =  Near                                                     #
#    Data model   =  Near                                                     #
#                 =                                                           #
#    Source file  =  C:\DESARROLLOS\PrbRL78\applilet3_src\CG_system_user.c    #
#    Command line =  C:\DESARROLLOS\PrbRL78\applilet3_src\CG_system_user.c    #
#                    --core rl78_1 --code_model near --data_model near        #
#                    --near_const_location rom0 -o                            #
#                    C:\DESARROLLOS\PrbRL78\Debug\Obj\ --dlib_config          #
#                    "C:\Program Files\IAR Systems\Embedded Workbench 6.0     #
#                    Kickstart\rl78\LIB\dlrl78nn1n.h" -e -Ol --no_cse         #
#                    --no_unroll --no_inline --no_code_motion --no_tbaa       #
#                    --debug -lCN C:\DESARROLLOS\PrbRL78\Debug\List\ -I       #
#                    C:\DESARROLLOS\PrbRL78\user_include\                     #
#    List file    =  C:\DESARROLLOS\PrbRL78\Debug\List\CG_system_user.lst     #
#    Object file  =  C:\DESARROLLOS\PrbRL78\Debug\Obj\CG_system_user.r87      #
#                                                                             #
#                                                                             #
###############################################################################

C:\DESARROLLOS\PrbRL78\applilet3_src\CG_system_user.c
      1          /*
      2          *******************************************************************************
      3          * Copyright(C) 2011 Renesas Electronics Corporation
      4          * RENESAS ELECTRONICS CONFIDENTIAL AND PROPRIETARY
      5          * This program must be used solely for the purpose for which
      6          * it was furnished by Renesas Electronics Corporation. No part of this
      7          * program may be reproduced or disclosed to others, in any
      8          * form, without the prior written permission of Renesas Electronics
      9          * Corporation. 
     10          *
     11          * This device driver was created by Applilet3 for RL78/G13
     12          * 16-Bit Single-Chip Microcontrollers
     13          * Filename:	CG_system_user.c
     14          * Abstract:	This file implements device driver for System module.
     15          * APIlib:	Applilet3 for RL78/G13 E1.00b [14 Jan 2011]
     16          * Device:	R5F100LE
     17          * Compiler:	IAR Systems iccrl78
     18          * Creation date:	9/21/2011
     19          *******************************************************************************
     20          */
     21          
     22          /*
     23          *******************************************************************************
     24          ** Include files
     25          *******************************************************************************
     26          */
     27          #include "CG_macrodriver.h"

   \                                 In  segment NEAR_A, at 0xfffa8
   \   unsigned char const volatile __sfr __no_bit_access RESF
   \                     RESF:
   \   000000                       DS 1
     28          #include "CG_system.h"
     29          /* Start user code for include. Do not edit comment generated here */
     30          /* End user code. Do not edit comment generated here */
     31          #include "CG_userdefine.h"
     32          
     33          /*
     34          *******************************************************************************
     35          **  Global define
     36          *******************************************************************************
     37          */
     38          /* Start user code for global. Do not edit comment generated here */
     39          /* End user code. Do not edit comment generated here */
     40          
     41          /*
     42          **-----------------------------------------------------------------------------
     43          **
     44          **  Abstract:
     45          **	This function process of Reset.
     46          **
     47          **  Parameters:
     48          **	None
     49          **
     50          **  Returns:
     51          **	None
     52          **
     53          **-----------------------------------------------------------------------------
     54          */

   \                                 In  segment CODE, align 1, keep-with-next
     55          void CG_ReadResetSource(void)
   \                     CG_ReadResetSource:
     56          {
   \   000000                       ; * Stack frame (at entry) *
   \   000000                       ; Param size: 0
   \   000000                       ; Auto size: 0
     57          	UCHAR resetflag = RESF;
   \   000000 8EA8                  MOV       A, 0xFFFA8
     58          	/* Start user code. Do not edit comment generated here */
     59          	/* End user code. Do not edit comment generated here */
     60          }
   \   000002 D7                    RET       
   \   000003                       REQUIRE ?CLRL78_V1_0_L00
   \   000003                       REQUIRE RESF
     61          
     62          /* Start user code for adding. Do not edit comment generated here */
     63          /* End user code. Do not edit comment generated here */

   Segment part sizes:

     Function/Label     Bytes
     --------------     -----
     RESF                  1
     CG_ReadResetSource    3

 
 3 bytes in segment CODE
 1 byte  in segment NEAR_A
 
 3 bytes of CODE memory
 0 bytes of DATA memory (+ 1 byte shared)

Errors: none
Warnings: none
