###############################################################################
#                                                                             #
# IAR C/C++ Compiler V1.10.4.30019 [Kickstart] for RL78 31/May/2012  18:44:41 #
# Copyright 2011 IAR Systems AB.                                              #
#                                                                             #
#    Core         =  rl78_1                                                   #
#    Code model   =  Near                                                     #
#    Data model   =  Near                                                     #
#                 =                                                           #
#    Source file  =  C:\DESARROLLOS\PrbRL78\applilet3_src\CG_systeminit.c     #
#    Command line =  C:\DESARROLLOS\PrbRL78\applilet3_src\CG_systeminit.c     #
#                    --core rl78_1 --code_model near --data_model near        #
#                    --near_const_location rom0 -o                            #
#                    C:\DESARROLLOS\PrbRL78\Debug\Obj\ --dlib_config          #
#                    "C:\Program Files\IAR Systems\Embedded Workbench 6.0     #
#                    Kickstart\rl78\LIB\dlrl78nn1n.h" -e -Ol --no_cse         #
#                    --no_unroll --no_inline --no_code_motion --no_tbaa       #
#                    --debug -lCN C:\DESARROLLOS\PrbRL78\Debug\List\ -I       #
#                    C:\DESARROLLOS\PrbRL78\user_include\                     #
#    List file    =  C:\DESARROLLOS\PrbRL78\Debug\List\CG_systeminit.lst      #
#    Object file  =  C:\DESARROLLOS\PrbRL78\Debug\Obj\CG_systeminit.r87       #
#                                                                             #
#                                                                             #
###############################################################################

C:\DESARROLLOS\PrbRL78\applilet3_src\CG_systeminit.c
      1          /*
      2          *******************************************************************************
      3          * Copyright(C) 2011 Renesas Electronics Corporation
      4          * RENESAS ELECTRONICS CONFIDENTIAL AND PROPRIETARY
      5          * This program must be used solely for the purpose for which
      6          * it was furnished by Renesas Electronics Corporation. No part of this
      7          * program may be reproduced or disclosed to others, in any
      8          * form, without the prior written permission of Renesas Electronics
      9          * Corporation. 
     10          *
     11          * This device driver was created by Applilet3 for RL78/G13
     12          * 16-Bit Single-Chip Microcontrollers
     13          * Filename:	CG_systeminit.c
     14          * Abstract:	This file implements system initializing function.
     15          * APIlib:	Applilet3 for RL78/G13 E1.00b [14 Jan 2011]
     16          * Device:	R5F100LE
     17          * Compiler:	IAR Systems iccrl78
     18          * Creation date:	9/21/2011
     19          *******************************************************************************
     20          */
     21          
     22          /*
     23          *******************************************************************************
     24          ** Include files
     25          *******************************************************************************
     26          */
     27          #include "CG_macrodriver.h"

   \                                 In  segment NEAR_A, at 0xf0077
   \   unsigned char volatile __no_bit_access PIOR
   \                     PIOR:
   \   000000                       DS 1

   \                                 In  segment NEAR_A, at 0xf0078
   \   unsigned char volatile __no_bit_access IAWCTL
   \                     IAWCTL:
   \   000000                       DS 1

   \                                 In  segment NEAR_A, at 0xf02f0
   \   union <unnamed> volatile _A_CRC0CTL
   \                     _A_CRC0CTL:
   \   000000                       DS 1
     28          #include "CG_system.h"
     29          #include "CG_port.h"
     30          #include "CG_int.h"
     31          #include "CG_serial.h"
     32          #include "CG_timer.h"
     33          #include "CG_wdt.h"
     34          #include "CG_it.h"
     35          /* Start user code for include. Do not edit comment generated here */
     36          /* End user code. Do not edit comment generated here */
     37          #include "CG_userdefine.h"
     38          
     39          /*
     40          *******************************************************************************
     41          **  Global define
     42          *******************************************************************************
     43          */
     44          /* Start user code for global. Do not edit comment generated here */
     45          /* End user code. Do not edit comment generated here */
     46          
     47          int __low_level_init(void);
     48          void systeminit(void);
     49          
     50          /*
     51          **-----------------------------------------------------------------------------
     52          **
     53          **  Abstract:
     54          **	This function initializes every macro.
     55          **
     56          **  Parameters:
     57          **	None
     58          **
     59          **  Returns:
     60          **	None
     61          **
     62          **-----------------------------------------------------------------------------
     63          */

   \                                 In  segment CODE, align 1, keep-with-next
     64          void systeminit(void)
   \                     systeminit:
     65          {
   \   000000                       ; * Stack frame (at entry) *
   \   000000                       ; Param size: 0
   \   000000                       ; Auto size: 0
     66          	PIOR = 0x00U;
   \   000000 CF770000              MOV       0x77, #0x0
     67          	CG_ReadResetSource();
   \   000004 FD....                CALL      CG_ReadResetSource
     68          	PORT_Init();
   \   000007 FD....                CALL      PORT_Init
     69          	CLOCK_Init();
   \   00000A FD....                CALL      CLOCK_Init
     70          	SAU0_Init();
   \   00000D FD....                CALL      SAU0_Init
     71          	IICA0_Init();
   \   000010 FD....                CALL      IICA0_Init
     72          	TAU0_Init();
   \   000013 FD....                CALL      TAU0_Init
     73          	WDT_Init();
   \   000016 FD....                CALL      WDT_Init
     74          	IT_Init();
   \   000019 FD....                CALL      IT_Init
     75          	INTP_Init();
   \   00001C FD....                CALL      INTP_Init
     76          	CRC0CTL = 0x00U;
   \   00001F CFF00200              MOV       0x2F0, #0x0
     77          	IAWCTL = 0x00U;
   \   000023 CF780000              MOV       0x78, #0x0
     78          }
   \   000027 D7                    RET       
   \   000028                       REQUIRE ?CLRL78_V1_0_L00
   \   000028                       REQUIRE PIOR
   \   000028                       REQUIRE _A_CRC0CTL
   \   000028                       REQUIRE IAWCTL
     79          /*
     80          **-----------------------------------------------------------------------------
     81          **
     82          **  Abstract:
     83          **	This function initializes hardware setting.
     84          **
     85          **  Parameters:
     86          **	None
     87          **
     88          **  Returns:
     89          **	None
     90          **
     91          **-----------------------------------------------------------------------------
     92          */

   \                                 In  segment CODE, align 1, keep-with-next, root
     93          int __low_level_init(void)
   \                     __low_level_init:
     94          {
   \   000000                       ; * Stack frame (at entry) *
   \   000000                       ; Param size: 0
   \   000000                       ; Auto size: 0
     95          	DI();
   \   000000 717BFA                DI        
     96          	systeminit();
   \   000003 FD....                CALL      systeminit
     97          	EI();
   \   000006 717AFA                EI        
     98          	
     99          	return MD_TRUE;
   \   000009 E6                    ONEW      AX
   \   00000A D7                    RET       
   \   00000B                       REQUIRE ?CLRL78_V1_0_L00
    100          }
    101          
    102          /* Start user code for adding. Do not edit comment generated here */
    103          /* End user code. Do not edit comment generated here */

   Segment part sizes:

     Function/Label   Bytes
     --------------   -----
     PIOR                1
     IAWCTL              1
     _A_CRC0CTL          1
     systeminit         40
     __low_level_init   11

 
 51 bytes in segment CODE
  3 bytes in segment NEAR_A
 
 51 bytes of CODE memory
  0 bytes of DATA memory (+ 3 bytes shared)

Errors: none
Warnings: none
